2024-05-13 05:50:40,148 WARNING database DDL Query made to DB:
create table `tabInterest` (
			name varchar(140) primary key,
			creation datetime(6),
			modified datetime(6),
			modified_by varchar(140),
			owner varchar(140),
			docstatus int(1) not null default '0',
			idx int(8) not null default '0',
			`interest` varchar(140),
`_user_tags` text,
`_comments` text,
`_assign` text,
`_liked_by` text,
index modified(modified))
			ENGINE=InnoDB
			ROW_FORMAT=DYNAMIC
			CHARACTER SET=utf8mb4
			COLLATE=utf8mb4_unicode_ci
2024-05-13 05:50:40,228 WARNING database DDL Query made to DB:
create table `tabCompensatory Leave Request` (
			name varchar(140) primary key,
			creation datetime(6),
			modified datetime(6),
			modified_by varchar(140),
			owner varchar(140),
			docstatus int(1) not null default '0',
			idx int(8) not null default '0',
			`employee` varchar(140),
`employee_name` varchar(140),
`department` varchar(140),
`leave_type` varchar(140),
`leave_allocation` varchar(140),
`work_from_date` date,
`work_end_date` date,
`half_day` int(1) not null default 0,
`half_day_date` date,
`reason` text,
`amended_from` varchar(140),
`_user_tags` text,
`_comments` text,
`_assign` text,
`_liked_by` text,
index modified(modified))
			ENGINE=InnoDB
			ROW_FORMAT=DYNAMIC
			CHARACTER SET=utf8mb4
			COLLATE=utf8mb4_unicode_ci
2024-05-13 05:50:40,312 WARNING database DDL Query made to DB:
create table `tabEmployee Separation` (
			name varchar(140) primary key,
			creation datetime(6),
			modified datetime(6),
			modified_by varchar(140),
			owner varchar(140),
			docstatus int(1) not null default '0',
			idx int(8) not null default '0',
			`employee` varchar(140),
`employee_name` varchar(140),
`department` varchar(140),
`designation` varchar(140),
`employee_grade` varchar(140),
`company` varchar(140),
`boarding_status` varchar(140) default 'Pending',
`resignation_letter_date` date,
`boarding_begins_on` date,
`project` varchar(140),
`employee_separation_template` varchar(140),
`notify_users_by_email` int(1) not null default 0,
`exit_interview` longtext,
`amended_from` varchar(140),
`_user_tags` text,
`_comments` text,
`_assign` text,
`_liked_by` text,
index modified(modified))
			ENGINE=InnoDB
			ROW_FORMAT=DYNAMIC
			CHARACTER SET=utf8mb4
			COLLATE=utf8mb4_unicode_ci
2024-05-13 05:50:40,371 WARNING database DDL Query made to DB:
create table `tabExpense Claim Account` (
			name varchar(140) primary key,
			creation datetime(6),
			modified datetime(6),
			modified_by varchar(140),
			owner varchar(140),
			docstatus int(1) not null default '0',
			idx int(8) not null default '0',
			`company` varchar(140),
`default_account` varchar(140),
parent varchar(140),
parentfield varchar(140),
parenttype varchar(140),
index parent(parent))
			ENGINE=InnoDB
			ROW_FORMAT=DYNAMIC
			CHARACTER SET=utf8mb4
			COLLATE=utf8mb4_unicode_ci
2024-05-13 05:50:40,427 WARNING database DDL Query made to DB:
create table `tabAppraisal Goal` (
			name varchar(140) primary key,
			creation datetime(6),
			modified datetime(6),
			modified_by varchar(140),
			owner varchar(140),
			docstatus int(1) not null default '0',
			idx int(8) not null default '0',
			`kra` text,
`per_weightage` decimal(21,9) not null default 0,
`score` decimal(21,9) not null default 0,
`score_earned` decimal(21,9) not null default 0,
parent varchar(140),
parentfield varchar(140),
parenttype varchar(140),
index parent(parent))
			ENGINE=InnoDB
			ROW_FORMAT=DYNAMIC
			CHARACTER SET=utf8mb4
			COLLATE=utf8mb4_unicode_ci
2024-05-13 05:50:40,490 WARNING database DDL Query made to DB:
create table `tabVehicle Log` (
			name varchar(140) primary key,
			creation datetime(6),
			modified datetime(6),
			modified_by varchar(140),
			owner varchar(140),
			docstatus int(1) not null default '0',
			idx int(8) not null default '0',
			`naming_series` varchar(140),
`license_plate` varchar(140),
`employee` varchar(140),
`model` varchar(140),
`make` varchar(140),
`date` date,
`odometer` int(11) not null default 0,
`last_odometer` int(11) not null default 0,
`fuel_qty` decimal(21,9) not null default 0,
`price` decimal(21,9) not null default 0,
`supplier` varchar(140),
`invoice` varchar(140),
`amended_from` varchar(140),
`_user_tags` text,
`_comments` text,
`_assign` text,
`_liked_by` text,
index modified(modified))
			ENGINE=InnoDB
			ROW_FORMAT=DYNAMIC
			CHARACTER SET=utf8mb4
			COLLATE=utf8mb4_unicode_ci
2024-05-13 05:50:40,551 WARNING database DDL Query made to DB:
create table `tabEmployee Onboarding Template` (
			name varchar(140) primary key,
			creation datetime(6),
			modified datetime(6),
			modified_by varchar(140),
			owner varchar(140),
			docstatus int(1) not null default '0',
			idx int(8) not null default '0',
			`title` varchar(140),
`company` varchar(140),
`department` varchar(140),
`designation` varchar(140),
`employee_grade` varchar(140),
`_user_tags` text,
`_comments` text,
`_assign` text,
`_liked_by` text,
index modified(modified))
			ENGINE=InnoDB
			ROW_FORMAT=DYNAMIC
			CHARACTER SET=utf8mb4
			COLLATE=utf8mb4_unicode_ci
2024-05-13 05:50:40,608 WARNING database DDL Query made to DB:
create table `tabDaily Work Summary Group User` (
			name varchar(140) primary key,
			creation datetime(6),
			modified datetime(6),
			modified_by varchar(140),
			owner varchar(140),
			docstatus int(1) not null default '0',
			idx int(8) not null default '0',
			`user` varchar(140),
`email` varchar(140),
parent varchar(140),
parentfield varchar(140),
parenttype varchar(140),
index parent(parent))
			ENGINE=InnoDB
			ROW_FORMAT=DYNAMIC
			CHARACTER SET=utf8mb4
			COLLATE=utf8mb4_unicode_ci
2024-05-13 05:50:40,661 WARNING database DDL Query made to DB:
create table `tabDepartment Approver` (
			name varchar(140) primary key,
			creation datetime(6),
			modified datetime(6),
			modified_by varchar(140),
			owner varchar(140),
			docstatus int(1) not null default '0',
			idx int(8) not null default '0',
			`approver` varchar(140),
parent varchar(140),
parentfield varchar(140),
parenttype varchar(140),
index parent(parent))
			ENGINE=InnoDB
			ROW_FORMAT=DYNAMIC
			CHARACTER SET=utf8mb4
			COLLATE=utf8mb4_unicode_ci
2024-05-13 05:50:40,727 WARNING database DDL Query made to DB:
create table `tabFull and Final Outstanding Statement` (
			name varchar(140) primary key,
			creation datetime(6),
			modified datetime(6),
			modified_by varchar(140),
			owner varchar(140),
			docstatus int(1) not null default '0',
			idx int(8) not null default '0',
			`component` varchar(140),
`reference_document_type` varchar(140),
`reference_document` varchar(140),
`account` varchar(140),
`paid_via_salary_slip` int(1) not null default 0,
`amount` decimal(21,9) not null default 0,
`status` varchar(140) default 'Unsettled',
`remark` text,
index `reference_document`(`reference_document`),
parent varchar(140),
parentfield varchar(140),
parenttype varchar(140),
index parent(parent))
			ENGINE=InnoDB
			ROW_FORMAT=DYNAMIC
			CHARACTER SET=utf8mb4
			COLLATE=utf8mb4_unicode_ci
2024-05-13 05:50:40,783 WARNING database DDL Query made to DB:
create table `tabAppointment Letter Template` (
			name varchar(140) primary key,
			creation datetime(6),
			modified datetime(6),
			modified_by varchar(140),
			owner varchar(140),
			docstatus int(1) not null default '0',
			idx int(8) not null default '0',
			`template_name` varchar(140) unique,
`introduction` longtext,
`closing_notes` text,
`_user_tags` text,
`_comments` text,
`_assign` text,
`_liked_by` text,
index modified(modified))
			ENGINE=InnoDB
			ROW_FORMAT=DYNAMIC
			CHARACTER SET=utf8mb4
			COLLATE=utf8mb4_unicode_ci
2024-05-13 05:50:40,854 WARNING database DDL Query made to DB:
create table `tabExpense Taxes and Charges` (
			name varchar(140) primary key,
			creation datetime(6),
			modified datetime(6),
			modified_by varchar(140),
			owner varchar(140),
			docstatus int(1) not null default '0',
			idx int(8) not null default '0',
			`account_head` varchar(140),
`rate` decimal(21,9) not null default 0,
`tax_amount` decimal(21,9) not null default 0,
`total` decimal(21,9) not null default 0,
`description` text,
`cost_center` varchar(140),
`project` varchar(140),
parent varchar(140),
parentfield varchar(140),
parenttype varchar(140),
index parent(parent))
			ENGINE=InnoDB
			ROW_FORMAT=DYNAMIC
			CHARACTER SET=utf8mb4
			COLLATE=utf8mb4_unicode_ci
2024-05-13 05:50:40,908 WARNING database DDL Query made to DB:
create table `tabVehicle Service` (
			name varchar(140) primary key,
			creation datetime(6),
			modified datetime(6),
			modified_by varchar(140),
			owner varchar(140),
			docstatus int(1) not null default '0',
			idx int(8) not null default '0',
			`service_item` varchar(140),
`type` varchar(140),
`frequency` varchar(140),
`expense_amount` decimal(21,9) not null default 0,
parent varchar(140),
parentfield varchar(140),
parenttype varchar(140),
index parent(parent))
			ENGINE=InnoDB
			ROW_FORMAT=DYNAMIC
			CHARACTER SET=utf8mb4
			COLLATE=utf8mb4_unicode_ci
2024-05-13 05:50:40,984 WARNING database DDL Query made to DB:
create table `tabEmployee Promotion` (
			name varchar(140) primary key,
			creation datetime(6),
			modified datetime(6),
			modified_by varchar(140),
			owner varchar(140),
			docstatus int(1) not null default '0',
			idx int(8) not null default '0',
			`employee` varchar(140),
`employee_name` varchar(140),
`department` varchar(140),
`salary_currency` varchar(140),
`promotion_date` date,
`company` varchar(140),
`current_ctc` decimal(21,9) not null default 0,
`revised_ctc` decimal(21,9) not null default 0,
`amended_from` varchar(140),
`_user_tags` text,
`_comments` text,
`_assign` text,
`_liked_by` text,
index modified(modified))
			ENGINE=InnoDB
			ROW_FORMAT=DYNAMIC
			CHARACTER SET=utf8mb4
			COLLATE=utf8mb4_unicode_ci
2024-05-13 05:50:41,057 WARNING database DDL Query made to DB:
create table `tabInterview Round` (
			name varchar(140) primary key,
			creation datetime(6),
			modified datetime(6),
			modified_by varchar(140),
			owner varchar(140),
			docstatus int(1) not null default '0',
			idx int(8) not null default '0',
			`round_name` varchar(140) unique,
`interview_type` varchar(140),
`expected_average_rating` decimal(3,2),
`designation` varchar(140),
`_user_tags` text,
`_comments` text,
`_assign` text,
`_liked_by` text,
index modified(modified))
			ENGINE=InnoDB
			ROW_FORMAT=DYNAMIC
			CHARACTER SET=utf8mb4
			COLLATE=utf8mb4_unicode_ci
2024-05-13 05:50:41,124 WARNING database DDL Query made to DB:
create table `tabSkill` (
			name varchar(140) primary key,
			creation datetime(6),
			modified datetime(6),
			modified_by varchar(140),
			owner varchar(140),
			docstatus int(1) not null default '0',
			idx int(8) not null default '0',
			`skill_name` varchar(140) unique,
`description` text,
`_user_tags` text,
`_comments` text,
`_assign` text,
`_liked_by` text,
index modified(modified))
			ENGINE=InnoDB
			ROW_FORMAT=DYNAMIC
			CHARACTER SET=utf8mb4
			COLLATE=utf8mb4_unicode_ci
2024-05-13 05:50:41,208 WARNING database DDL Query made to DB:
create table `tabInterview` (
			name varchar(140) primary key,
			creation datetime(6),
			modified datetime(6),
			modified_by varchar(140),
			owner varchar(140),
			docstatus int(1) not null default '0',
			idx int(8) not null default '0',
			`interview_round` varchar(140),
`job_applicant` varchar(140),
`job_opening` varchar(140),
`designation` varchar(140),
`resume_link` varchar(140),
`status` varchar(140) default 'Pending',
`scheduled_on` date,
`from_time` time(6),
`to_time` time(6),
`expected_average_rating` decimal(3,2),
`average_rating` decimal(3,2),
`interview_summary` text,
`reminded` int(1) not null default 0,
`amended_from` varchar(140),
`_user_tags` text,
`_comments` text,
`_assign` text,
`_liked_by` text,
index modified(modified))
			ENGINE=InnoDB
			ROW_FORMAT=DYNAMIC
			CHARACTER SET=utf8mb4
			COLLATE=utf8mb4_unicode_ci
2024-05-13 05:50:41,297 WARNING database DDL Query made to DB:
create table `tabLeave Type` (
			name varchar(140) primary key,
			creation datetime(6),
			modified datetime(6),
			modified_by varchar(140),
			owner varchar(140),
			docstatus int(1) not null default '0',
			idx int(8) not null default '0',
			`leave_type_name` varchar(140) unique,
`max_leaves_allowed` decimal(21,9) not null default 0,
`applicable_after` int(11) not null default 0,
`max_continuous_days_allowed` int(11) not null default 0,
`is_carry_forward` int(1) not null default 0,
`is_lwp` int(1) not null default 0,
`is_ppl` int(1) not null default 0,
`fraction_of_daily_salary_per_leave` decimal(21,9) not null default 0,
`is_optional_leave` int(1) not null default 0,
`allow_negative` int(1) not null default 0,
`allow_over_allocation` int(1) not null default 0,
`include_holiday` int(1) not null default 0,
`is_compensatory` int(1) not null default 0,
`maximum_carry_forwarded_leaves` decimal(21,9) not null default 0,
`expire_carry_forwarded_leaves_after_days` int(11) not null default 0,
`allow_encashment` int(1) not null default 0,
`max_encashable_leaves` int(11) not null default 0,
`non_encashable_leaves` int(11) not null default 0,
`earning_component` varchar(140),
`is_earned_leave` int(1) not null default 0,
`earned_leave_frequency` varchar(140),
`allocate_on_day` varchar(140) default 'Last Day',
`rounding` varchar(140),
`_user_tags` text,
`_comments` text,
`_assign` text,
`_liked_by` text,
index modified(modified))
			ENGINE=InnoDB
			ROW_FORMAT=DYNAMIC
			CHARACTER SET=utf8mb4
			COLLATE=utf8mb4_unicode_ci
2024-05-13 05:50:41,363 WARNING database DDL Query made to DB:
create table `tabDesignation Skill` (
			name varchar(140) primary key,
			creation datetime(6),
			modified datetime(6),
			modified_by varchar(140),
			owner varchar(140),
			docstatus int(1) not null default '0',
			idx int(8) not null default '0',
			`skill` varchar(140),
parent varchar(140),
parentfield varchar(140),
parenttype varchar(140),
index parent(parent))
			ENGINE=InnoDB
			ROW_FORMAT=DYNAMIC
			CHARACTER SET=utf8mb4
			COLLATE=utf8mb4_unicode_ci
2024-05-13 05:50:41,417 WARNING database DDL Query made to DB:
create table `tabDaily Work Summary` (
			name varchar(140) primary key,
			creation datetime(6),
			modified datetime(6),
			modified_by varchar(140),
			owner varchar(140),
			docstatus int(1) not null default '0',
			idx int(8) not null default '0',
			`daily_work_summary_group` varchar(140),
`status` varchar(140) default 'Open',
`email_sent_to` longtext,
`_user_tags` text,
`_comments` text,
`_assign` text,
`_liked_by` text,
index modified(modified))
			ENGINE=InnoDB
			ROW_FORMAT=DYNAMIC
			CHARACTER SET=utf8mb4
			COLLATE=utf8mb4_unicode_ci
2024-05-13 05:50:41,482 WARNING database DDL Query made to DB:
create table `tabAppraisal Template` (
			name varchar(140) primary key,
			creation datetime(6),
			modified datetime(6),
			modified_by varchar(140),
			owner varchar(140),
			docstatus int(1) not null default '0',
			idx int(8) not null default '0',
			`template_title` varchar(140) unique,
`description` text,
`_user_tags` text,
`_comments` text,
`_assign` text,
`_liked_by` text,
index modified(modified))
			ENGINE=InnoDB
			ROW_FORMAT=DYNAMIC
			CHARACTER SET=utf8mb4
			COLLATE=utf8mb4_unicode_ci
2024-05-13 05:50:41,563 WARNING database DDL Query made to DB:
create table `tabLeave Ledger Entry` (
			name varchar(140) primary key,
			creation datetime(6),
			modified datetime(6),
			modified_by varchar(140),
			owner varchar(140),
			docstatus int(1) not null default '0',
			idx int(8) not null default '0',
			`employee` varchar(140),
`employee_name` varchar(140),
`leave_type` varchar(140),
`transaction_type` varchar(140),
`transaction_name` varchar(140),
`company` varchar(140),
`leaves` decimal(21,9) not null default 0,
`from_date` date,
`to_date` date,
`holiday_list` varchar(140),
`is_carry_forward` int(1) not null default 0,
`is_expired` int(1) not null default 0,
`is_lwp` int(1) not null default 0,
`amended_from` varchar(140),
`_user_tags` text,
`_comments` text,
`_assign` text,
`_liked_by` text,
index `employee`(`employee`),
index `transaction_type`(`transaction_type`),
index `transaction_name`(`transaction_name`),
index modified(modified))
			ENGINE=InnoDB
			ROW_FORMAT=DYNAMIC
			CHARACTER SET=utf8mb4
			COLLATE=utf8mb4_unicode_ci
2024-05-13 05:50:41,607 WARNING database DDL Query made to DB:
ALTER TABLE `tabLeave Ledger Entry`
				ADD INDEX `transaction_type_transaction_name_index`(transaction_type, transaction_name)
2024-05-13 05:50:41,667 WARNING database DDL Query made to DB:
create table `tabJob Opening` (
			name varchar(140) primary key,
			creation datetime(6),
			modified datetime(6),
			modified_by varchar(140),
			owner varchar(140),
			docstatus int(1) not null default '0',
			idx int(8) not null default '0',
			`job_title` varchar(140),
`designation` varchar(140),
`status` varchar(140),
`posted_on` datetime(6),
`closes_on` date,
`closed_on` date,
`company` varchar(140),
`department` varchar(140),
`employment_type` varchar(140),
`location` varchar(140),
`staffing_plan` varchar(140),
`planned_vacancies` int(11) not null default 0,
`job_requisition` varchar(140),
`vacancies` int(11) not null default 0,
`publish` int(1) not null default 0,
`route` varchar(140) unique,
`publish_applications_received` int(1) not null default 1,
`job_application_route` varchar(140),
`description` longtext,
`currency` varchar(140),
`lower_range` decimal(21,9) not null default 0,
`upper_range` decimal(21,9) not null default 0,
`salary_per` varchar(140) default 'Month',
`publish_salary_range` int(1) not null default 0,
`_user_tags` text,
`_comments` text,
`_assign` text,
`_liked_by` text,
index modified(modified))
			ENGINE=InnoDB
			ROW_FORMAT=DYNAMIC
			CHARACTER SET=utf8mb4
			COLLATE=utf8mb4_unicode_ci
2024-05-13 05:50:42,409 WARNING database DDL Query made to DB:
create table `tabIncome Tax Slab Other Charges` (
			name varchar(140) primary key,
			creation datetime(6),
			modified datetime(6),
			modified_by varchar(140),
			owner varchar(140),
			docstatus int(1) not null default '0',
			idx int(8) not null default '0',
			`description` varchar(140),
`percent` decimal(21,9) not null default 0,
`min_taxable_income` decimal(21,9) not null default 0,
`max_taxable_income` decimal(21,9) not null default 0,
parent varchar(140),
parentfield varchar(140),
parenttype varchar(140),
index parent(parent))
			ENGINE=InnoDB
			ROW_FORMAT=DYNAMIC
			CHARACTER SET=utf8mb4
			COLLATE=utf8mb4_unicode_ci
2024-05-13 05:50:42,469 WARNING database DDL Query made to DB:
create table `tabGratuity Rule` (
			name varchar(140) primary key,
			creation datetime(6),
			modified datetime(6),
			modified_by varchar(140),
			owner varchar(140),
			docstatus int(1) not null default '0',
			idx int(8) not null default '0',
			`disable` int(1) not null default 0,
`calculate_gratuity_amount_based_on` varchar(140),
`total_working_days_per_year` int(11) not null default 365,
`work_experience_calculation_function` varchar(140) default 'Round off Work Experience',
`minimum_year_for_gratuity` int(11) not null default 0,
`_user_tags` text,
`_comments` text,
`_assign` text,
`_liked_by` text,
index modified(modified))
			ENGINE=InnoDB
			ROW_FORMAT=DYNAMIC
			CHARACTER SET=utf8mb4
			COLLATE=utf8mb4_unicode_ci
2024-05-13 05:50:42,529 WARNING database DDL Query made to DB:
create table `tabGratuity Rule Slab` (
			name varchar(140) primary key,
			creation datetime(6),
			modified datetime(6),
			modified_by varchar(140),
			owner varchar(140),
			docstatus int(1) not null default '0',
			idx int(8) not null default '0',
			`from_year` int(11) not null default 0,
`to_year` int(11) not null default 0,
`fraction_of_applicable_earnings` decimal(21,9) not null default 0,
parent varchar(140),
parentfield varchar(140),
parenttype varchar(140),
index parent(parent))
			ENGINE=InnoDB
			ROW_FORMAT=DYNAMIC
			CHARACTER SET=utf8mb4
			COLLATE=utf8mb4_unicode_ci
2024-05-13 05:50:42,609 WARNING database DDL Query made to DB:
create table `tabPayroll Entry` (
			name varchar(140) primary key,
			creation datetime(6),
			modified datetime(6),
			modified_by varchar(140),
			owner varchar(140),
			docstatus int(1) not null default '0',
			idx int(8) not null default '0',
			`posting_date` date,
`company` varchar(140),
`currency` varchar(140),
`exchange_rate` decimal(21,9) not null default 0,
`payroll_payable_account` varchar(140),
`status` varchar(140),
`salary_slip_based_on_timesheet` int(1) not null default 0,
`payroll_frequency` varchar(140),
`start_date` date,
`end_date` date,
`deduct_tax_for_unclaimed_employee_benefits` int(1) not null default 0,
`deduct_tax_for_unsubmitted_tax_exemption_proof` int(1) not null default 0,
`branch` varchar(140),
`department` varchar(140),
`designation` varchar(140),
`grade` varchar(140),
`number_of_employees` int(11) not null default 0,
`validate_attendance` int(1) not null default 0,
`cost_center` varchar(140),
`project` varchar(140),
`payment_account` varchar(140),
`bank_account` varchar(140),
`salary_slips_created` int(1) not null default 0,
`salary_slips_submitted` int(1) not null default 0,
`error_message` text,
`amended_from` varchar(140),
`_user_tags` text,
`_comments` text,
`_assign` text,
`_liked_by` text,
index modified(modified))
			ENGINE=InnoDB
			ROW_FORMAT=DYNAMIC
			CHARACTER SET=utf8mb4
			COLLATE=utf8mb4_unicode_ci
2024-05-13 05:50:42,685 WARNING database DDL Query made to DB:
create table `tabSalary Slip Leave` (
			name varchar(140) primary key,
			creation datetime(6),
			modified datetime(6),
			modified_by varchar(140),
			owner varchar(140),
			docstatus int(1) not null default '0',
			idx int(8) not null default '0',
			`leave_type` varchar(140),
`total_allocated_leaves` decimal(21,9) not null default 0,
`expired_leaves` decimal(21,9) not null default 0,
`used_leaves` decimal(21,9) not null default 0,
`pending_leaves` decimal(21,9) not null default 0,
`available_leaves` decimal(21,9) not null default 0,
parent varchar(140),
parentfield varchar(140),
parenttype varchar(140),
index parent(parent))
			ENGINE=InnoDB
			ROW_FORMAT=DYNAMIC
			CHARACTER SET=utf8mb4
			COLLATE=utf8mb4_unicode_ci
2024-05-13 05:50:42,769 WARNING database DDL Query made to DB:
create table `tabSalary Component` (
			name varchar(140) primary key,
			creation datetime(6),
			modified datetime(6),
			modified_by varchar(140),
			owner varchar(140),
			docstatus int(1) not null default '0',
			idx int(8) not null default '0',
			`salary_component` varchar(140) unique,
`salary_component_abbr` varchar(140),
`type` varchar(140),
`description` text,
`depends_on_payment_days` int(1) not null default 1,
`is_tax_applicable` int(1) not null default 1,
`deduct_full_tax_on_selected_payroll_date` int(1) not null default 0,
`variable_based_on_taxable_salary` int(1) not null default 0,
`is_income_tax_component` int(1) not null default 0,
`exempted_from_income_tax` int(1) not null default 0,
`round_to_the_nearest_integer` int(1) not null default 0,
`statistical_component` int(1) not null default 0,
`do_not_include_in_total` int(1) not null default 0,
`remove_if_zero_valued` int(1) not null default 1,
`disabled` int(1) not null default 0,
`condition` longtext,
`amount` decimal(21,9) not null default 0,
`amount_based_on_formula` int(1) not null default 0,
`formula` longtext,
`is_flexible_benefit` int(1) not null default 0,
`max_benefit_amount` decimal(21,9) not null default 0,
`pay_against_benefit_claim` int(1) not null default 0,
`only_tax_impact` int(1) not null default 0,
`create_separate_payment_entry_against_benefit_claim` int(1) not null default 0,
`_user_tags` text,
`_comments` text,
`_assign` text,
`_liked_by` text,
index `variable_based_on_taxable_salary`(`variable_based_on_taxable_salary`),
index modified(modified))
			ENGINE=InnoDB
			ROW_FORMAT=DYNAMIC
			CHARACTER SET=utf8mb4
			COLLATE=utf8mb4_unicode_ci
2024-05-13 05:50:42,835 WARNING database DDL Query made to DB:
create table `tabEmployee Tax Exemption Category` (
			name varchar(140) primary key,
			creation datetime(6),
			modified datetime(6),
			modified_by varchar(140),
			owner varchar(140),
			docstatus int(1) not null default '0',
			idx int(8) not null default '0',
			`max_amount` decimal(21,9) not null default 0,
`is_active` int(1) not null default 1,
`_user_tags` text,
`_comments` text,
`_assign` text,
`_liked_by` text,
index modified(modified))
			ENGINE=InnoDB
			ROW_FORMAT=DYNAMIC
			CHARACTER SET=utf8mb4
			COLLATE=utf8mb4_unicode_ci
2024-05-13 05:50:42,906 WARNING database DDL Query made to DB:
create table `tabEmployee Incentive` (
			name varchar(140) primary key,
			creation datetime(6),
			modified datetime(6),
			modified_by varchar(140),
			owner varchar(140),
			docstatus int(1) not null default '0',
			idx int(8) not null default '0',
			`employee` varchar(140),
`employee_name` varchar(140),
`amended_from` varchar(140),
`company` varchar(140),
`department` varchar(140),
`salary_component` varchar(140),
`currency` varchar(140),
`payroll_date` date,
`incentive_amount` decimal(21,9) not null default 0,
`_user_tags` text,
`_comments` text,
`_assign` text,
`_liked_by` text,
index modified(modified))
			ENGINE=InnoDB
			ROW_FORMAT=DYNAMIC
			CHARACTER SET=utf8mb4
			COLLATE=utf8mb4_unicode_ci
2024-05-13 05:50:43,010 WARNING database DDL Query made to DB:
create table `tabEmployee Benefit Application` (
			name varchar(140) primary key,
			creation datetime(6),
			modified datetime(6),
			modified_by varchar(140),
			owner varchar(140),
			docstatus int(1) not null default '0',
			idx int(8) not null default '0',
			`employee` varchar(140),
`employee_name` varchar(140),
`department` varchar(140),
`date` date,
`payroll_period` varchar(140),
`company` varchar(140),
`amended_from` varchar(140),
`currency` varchar(140),
`max_benefits` decimal(21,9) not null default 0,
`remaining_benefit` decimal(21,9) not null default 0,
`total_amount` decimal(21,9) not null default 0,
`pro_rata_dispensed_amount` decimal(21,9) not null default 0,
`_user_tags` text,
`_comments` text,
`_assign` text,
`_liked_by` text,
index modified(modified))
			ENGINE=InnoDB
			ROW_FORMAT=DYNAMIC
			CHARACTER SET=utf8mb4
			COLLATE=utf8mb4_unicode_ci
2024-05-13 05:50:43,105 WARNING database DDL Query made to DB:
create table `tabSalary Structure` (
			name varchar(140) primary key,
			creation datetime(6),
			modified datetime(6),
			modified_by varchar(140),
			owner varchar(140),
			docstatus int(1) not null default '0',
			idx int(8) not null default '0',
			`company` varchar(140),
`letter_head` varchar(140),
`is_active` varchar(140) default 'Yes',
`is_default` varchar(140) default 'No',
`currency` varchar(140),
`amended_from` varchar(140),
`leave_encashment_amount_per_day` decimal(21,9) not null default 0,
`max_benefits` decimal(21,9) not null default 0,
`salary_slip_based_on_timesheet` int(1) not null default 0,
`payroll_frequency` varchar(140) default 'Monthly',
`salary_component` varchar(140),
`hour_rate` decimal(21,9) not null default 0,
`total_earning` decimal(21,9) not null default 0,
`total_deduction` decimal(21,9) not null default 0,
`net_pay` decimal(21,9) not null default 0,
`mode_of_payment` varchar(140),
`payment_account` varchar(140),
`_user_tags` text,
`_comments` text,
`_assign` text,
`_liked_by` text,
index `company`(`company`),
index `currency`(`currency`),
index `salary_slip_based_on_timesheet`(`salary_slip_based_on_timesheet`),
index `payroll_frequency`(`payroll_frequency`),
index modified(modified))
			ENGINE=InnoDB
			ROW_FORMAT=DYNAMIC
			CHARACTER SET=utf8mb4
			COLLATE=utf8mb4_unicode_ci
2024-05-13 05:50:43,305 WARNING database DDL Query made to DB:
create table `tabEmployee Tax Exemption Proof Submission` (
			name varchar(140) primary key,
			creation datetime(6),
			modified datetime(6),
			modified_by varchar(140),
			owner varchar(140),
			docstatus int(1) not null default '0',
			idx int(8) not null default '0',
			`employee` varchar(140),
`employee_name` varchar(140),
`department` varchar(140),
`currency` varchar(140),
`amended_from` varchar(140),
`submission_date` date,
`payroll_period` varchar(140),
`company` varchar(140),
`total_actual_amount` decimal(21,9) not null default 0,
`exemption_amount` decimal(21,9) not null default 0,
`attachments` text,
`_user_tags` text,
`_comments` text,
`_assign` text,
`_liked_by` text,
index modified(modified))
			ENGINE=InnoDB
			ROW_FORMAT=DYNAMIC
			CHARACTER SET=utf8mb4
			COLLATE=utf8mb4_unicode_ci
2024-05-13 05:50:43,436 WARNING database DDL Query made to DB:
create table `tabSalary Slip` (
			name varchar(140) primary key,
			creation datetime(6),
			modified datetime(6),
			modified_by varchar(140),
			owner varchar(140),
			docstatus int(1) not null default '0',
			idx int(8) not null default '0',
			`employee` varchar(140),
`employee_name` varchar(140),
`department` varchar(140),
`designation` varchar(140),
`branch` varchar(140),
`posting_date` date,
`letter_head` varchar(140),
`status` varchar(140),
`company` varchar(140),
`currency` varchar(140),
`exchange_rate` decimal(21,9) not null default 1.0,
`payroll_frequency` varchar(140),
`start_date` date,
`end_date` date,
`salary_structure` varchar(140),
`payroll_entry` varchar(140),
`mode_of_payment` varchar(140),
`salary_slip_based_on_timesheet` int(1) not null default 0,
`deduct_tax_for_unclaimed_employee_benefits` int(1) not null default 0,
`deduct_tax_for_unsubmitted_tax_exemption_proof` int(1) not null default 0,
`total_working_days` decimal(21,9) not null default 0,
`unmarked_days` decimal(21,9) not null default 0,
`leave_without_pay` decimal(21,9) not null default 0,
`absent_days` decimal(21,9) not null default 0,
`payment_days` decimal(21,9) not null default 0,
`total_working_hours` decimal(21,9) not null default 0,
`hour_rate` decimal(21,9) not null default 0,
`base_hour_rate` decimal(21,9) not null default 0,
`gross_pay` decimal(21,9) not null default 0,
`base_gross_pay` decimal(21,9) not null default 0,
`gross_year_to_date` decimal(21,9) not null default 0,
`base_gross_year_to_date` decimal(21,9) not null default 0,
`total_deduction` decimal(21,9) not null default 0,
`base_total_deduction` decimal(21,9) not null default 0,
`net_pay` decimal(21,9) not null default 0,
`base_net_pay` decimal(21,9) not null default 0,
`rounded_total` decimal(21,9) not null default 0,
`base_rounded_total` decimal(21,9) not null default 0,
`year_to_date` decimal(21,9) not null default 0,
`base_year_to_date` decimal(21,9) not null default 0,
`month_to_date` decimal(21,9) not null default 0,
`base_month_to_date` decimal(21,9) not null default 0,
`total_in_words` varchar(240),
`base_total_in_words` varchar(240),
`ctc` decimal(21,9) not null default 0,
`income_from_other_sources` decimal(21,9) not null default 0,
`total_earnings` decimal(21,9) not null default 0,
`non_taxable_earnings` decimal(21,9) not null default 0,
`standard_tax_exemption_amount` decimal(21,9) not null default 0,
`tax_exemption_declaration` decimal(21,9) not null default 0,
`deductions_before_tax_calculation` decimal(21,9) not null default 0,
`annual_taxable_amount` decimal(21,9) not null default 0,
`income_tax_deducted_till_date` decimal(21,9) not null default 0,
`current_month_income_tax` decimal(21,9) not null default 0,
`future_income_tax_deductions` decimal(21,9) not null default 0,
`total_income_tax` decimal(21,9) not null default 0,
`journal_entry` varchar(140),
`amended_from` varchar(140),
`bank_name` varchar(140),
`bank_account_no` varchar(140),
`_user_tags` text,
`_comments` text,
`_assign` text,
`_liked_by` text,
index `employee`(`employee`),
index `start_date`(`start_date`),
index `end_date`(`end_date`),
index `salary_structure`(`salary_structure`),
index `payroll_entry`(`payroll_entry`),
index modified(modified))
			ENGINE=InnoDB
			ROW_FORMAT=DYNAMIC
			CHARACTER SET=utf8mb4
			COLLATE=utf8mb4_unicode_ci
2024-05-13 05:50:43,497 WARNING database DDL Query made to DB:
ALTER TABLE `tabSalary Slip`
				ADD INDEX `employee_start_date_end_date_index`(employee, start_date, end_date)
2024-05-13 05:50:43,537 WARNING database DDL Query made to DB:
create table `tabPayroll Employee Detail` (
			name varchar(140) primary key,
			creation datetime(6),
			modified datetime(6),
			modified_by varchar(140),
			owner varchar(140),
			docstatus int(1) not null default '0',
			idx int(8) not null default '0',
			`employee` varchar(140),
`employee_name` varchar(140),
`department` varchar(140),
`designation` varchar(140),
parent varchar(140),
parentfield varchar(140),
parenttype varchar(140),
index parent(parent))
			ENGINE=InnoDB
			ROW_FORMAT=DYNAMIC
			CHARACTER SET=utf8mb4
			COLLATE=utf8mb4_unicode_ci
2024-05-13 05:50:43,607 WARNING database DDL Query made to DB:
create table `tabSalary Structure Assignment` (
			name varchar(140) primary key,
			creation datetime(6),
			modified datetime(6),
			modified_by varchar(140),
			owner varchar(140),
			docstatus int(1) not null default '0',
			idx int(8) not null default '0',
			`employee` varchar(140),
`employee_name` varchar(140),
`department` varchar(140),
`designation` varchar(140),
`grade` varchar(140),
`salary_structure` varchar(140),
`from_date` date,
`income_tax_slab` varchar(140),
`company` varchar(140),
`payroll_payable_account` varchar(140),
`currency` varchar(140),
`base` decimal(21,9) not null default 0,
`variable` decimal(21,9) not null default 0,
`amended_from` varchar(140),
`taxable_earnings_till_date` decimal(21,9) not null default 0,
`tax_deducted_till_date` decimal(21,9) not null default 0,
`_user_tags` text,
`_comments` text,
`_assign` text,
`_liked_by` text,
index `employee`(`employee`),
index `salary_structure`(`salary_structure`),
index modified(modified))
			ENGINE=InnoDB
			ROW_FORMAT=DYNAMIC
			CHARACTER SET=utf8mb4
			COLLATE=utf8mb4_unicode_ci
2024-05-13 05:50:43,684 WARNING database DDL Query made to DB:
create table `tabIncome Tax Slab` (
			name varchar(140) primary key,
			creation datetime(6),
			modified datetime(6),
			modified_by varchar(140),
			owner varchar(140),
			docstatus int(1) not null default '0',
			idx int(8) not null default '0',
			`disabled` int(1) not null default 0,
`effective_from` date,
`company` varchar(140),
`currency` varchar(140),
`standard_tax_exemption_amount` decimal(21,9) not null default 0,
`allow_tax_exemption` int(1) not null default 0,
`amended_from` varchar(140),
`_user_tags` text,
`_comments` text,
`_assign` text,
`_liked_by` text,
index modified(modified))
			ENGINE=InnoDB
			ROW_FORMAT=DYNAMIC
			CHARACTER SET=utf8mb4
			COLLATE=utf8mb4_unicode_ci
2024-05-13 05:50:43,758 WARNING database DDL Query made to DB:
create table `tabEmployee Benefit Application Detail` (
			name varchar(140) primary key,
			creation datetime(6),
			modified datetime(6),
			modified_by varchar(140),
			owner varchar(140),
			docstatus int(1) not null default '0',
			idx int(8) not null default '0',
			`earning_component` varchar(140),
`pay_against_benefit_claim` int(1) not null default 0,
`max_benefit_amount` decimal(21,9) not null default 0,
`amount` decimal(21,9) not null default 0,
parent varchar(140),
parentfield varchar(140),
parenttype varchar(140),
index parent(parent))
			ENGINE=InnoDB
			ROW_FORMAT=DYNAMIC
			CHARACTER SET=utf8mb4
			COLLATE=utf8mb4_unicode_ci
2024-05-13 05:50:43,824 WARNING database DDL Query made to DB:
create table `tabRetention Bonus` (
			name varchar(140) primary key,
			creation datetime(6),
			modified datetime(6),
			modified_by varchar(140),
			owner varchar(140),
			docstatus int(1) not null default '0',
			idx int(8) not null default '0',
			`employee` varchar(140),
`employee_name` varchar(140),
`department` varchar(140),
`company` varchar(140),
`date_of_joining` varchar(140),
`salary_component` varchar(140),
`bonus_amount` decimal(21,9) not null default 0,
`bonus_payment_date` date,
`currency` varchar(140),
`amended_from` varchar(140),
`_user_tags` text,
`_comments` text,
`_assign` text,
`_liked_by` text,
index modified(modified))
			ENGINE=InnoDB
			ROW_FORMAT=DYNAMIC
			CHARACTER SET=utf8mb4
			COLLATE=utf8mb4_unicode_ci
2024-05-13 05:50:43,902 WARNING database DDL Query made to DB:
create table `tabTaxable Salary Slab` (
			name varchar(140) primary key,
			creation datetime(6),
			modified datetime(6),
			modified_by varchar(140),
			owner varchar(140),
			docstatus int(1) not null default '0',
			idx int(8) not null default '0',
			`from_amount` decimal(21,9) not null default 0,
`to_amount` decimal(21,9) not null default 0,
`percent_deduction` decimal(21,9) not null default 0,
`condition` longtext,
parent varchar(140),
parentfield varchar(140),
parenttype varchar(140),
index parent(parent))
			ENGINE=InnoDB
			ROW_FORMAT=DYNAMIC
			CHARACTER SET=utf8mb4
			COLLATE=utf8mb4_unicode_ci
2024-05-13 05:50:43,956 WARNING database DDL Query made to DB:
create table `tabSalary Component Account` (
			name varchar(140) primary key,
			creation datetime(6),
			modified datetime(6),
			modified_by varchar(140),
			owner varchar(140),
			docstatus int(1) not null default '0',
			idx int(8) not null default '0',
			`company` varchar(140),
`account` varchar(140),
parent varchar(140),
parentfield varchar(140),
parenttype varchar(140),
index parent(parent))
			ENGINE=InnoDB
			ROW_FORMAT=DYNAMIC
			CHARACTER SET=utf8mb4
			COLLATE=utf8mb4_unicode_ci
2024-05-13 05:50:44,021 WARNING database DDL Query made to DB:
create table `tabEmployee Tax Exemption Sub Category` (
			name varchar(140) primary key,
			creation datetime(6),
			modified datetime(6),
			modified_by varchar(140),
			owner varchar(140),
			docstatus int(1) not null default '0',
			idx int(8) not null default '0',
			`exemption_category` varchar(140),
`max_amount` decimal(21,9) not null default 0,
`is_active` int(1) not null default 1,
`_user_tags` text,
`_comments` text,
`_assign` text,
`_liked_by` text,
index modified(modified))
			ENGINE=InnoDB
			ROW_FORMAT=DYNAMIC
			CHARACTER SET=utf8mb4
			COLLATE=utf8mb4_unicode_ci
2024-05-13 05:50:44,094 WARNING database DDL Query made to DB:
create table `tabEmployee Tax Exemption Declaration` (
			name varchar(140) primary key,
			creation datetime(6),
			modified datetime(6),
			modified_by varchar(140),
			owner varchar(140),
			docstatus int(1) not null default '0',
			idx int(8) not null default '0',
			`employee` varchar(140),
`employee_name` varchar(140),
`department` varchar(140),
`company` varchar(140),
`payroll_period` varchar(140),
`currency` varchar(140),
`amended_from` varchar(140),
`total_declared_amount` decimal(21,9) not null default 0,
`total_exemption_amount` decimal(21,9) not null default 0,
`_user_tags` text,
`_comments` text,
`_assign` text,
`_liked_by` text,
index modified(modified))
			ENGINE=InnoDB
			ROW_FORMAT=DYNAMIC
			CHARACTER SET=utf8mb4
			COLLATE=utf8mb4_unicode_ci
2024-05-13 05:50:44,181 WARNING database DDL Query made to DB:
create table `tabGratuity` (
			name varchar(140) primary key,
			creation datetime(6),
			modified datetime(6),
			modified_by varchar(140),
			owner varchar(140),
			docstatus int(1) not null default '0',
			idx int(8) not null default '0',
			`employee` varchar(140),
`employee_name` varchar(140),
`department` varchar(140),
`designation` varchar(140),
`current_work_experience` int(11) not null default 0,
`posting_date` date,
`gratuity_rule` varchar(140),
`status` varchar(140) default 'Draft',
`company` varchar(140),
`amended_from` varchar(140),
`pay_via_salary_slip` int(1) not null default 1,
`amount` decimal(21,9) not null default 0,
`paid_amount` decimal(21,9) not null default 0,
`payroll_date` date,
`salary_component` varchar(140),
`cost_center` varchar(140),
`mode_of_payment` varchar(140),
`expense_account` varchar(140),
`payable_account` varchar(140),
`_user_tags` text,
`_comments` text,
`_assign` text,
`_liked_by` text,
index `employee`(`employee`),
index modified(modified))
			ENGINE=InnoDB
			ROW_FORMAT=DYNAMIC
			CHARACTER SET=utf8mb4
			COLLATE=utf8mb4_unicode_ci
2024-05-13 05:50:44,248 WARNING database DDL Query made to DB:
create table `tabPayroll Period` (
			name varchar(140) primary key,
			creation datetime(6),
			modified datetime(6),
			modified_by varchar(140),
			owner varchar(140),
			docstatus int(1) not null default '0',
			idx int(8) not null default '0',
			`company` varchar(140),
`start_date` date,
`end_date` date,
`_user_tags` text,
`_comments` text,
`_assign` text,
`_liked_by` text,
index modified(modified))
			ENGINE=InnoDB
			ROW_FORMAT=DYNAMIC
			CHARACTER SET=utf8mb4
			COLLATE=utf8mb4_unicode_ci
2024-05-13 05:50:44,341 WARNING database DDL Query made to DB:
create table `tabSalary Detail` (
			name varchar(140) primary key,
			creation datetime(6),
			modified datetime(6),
			modified_by varchar(140),
			owner varchar(140),
			docstatus int(1) not null default '0',
			idx int(8) not null default '0',
			`salary_component` varchar(140),
`abbr` varchar(140),
`amount` decimal(21,9) not null default 0,
`year_to_date` decimal(21,9) not null default 0,
`additional_salary` varchar(140),
`is_recurring_additional_salary` int(1) not null default 0,
`statistical_component` int(1) not null default 0,
`depends_on_payment_days` int(1) not null default 0,
`exempted_from_income_tax` int(1) not null default 0,
`is_tax_applicable` int(1) not null default 0,
`is_flexible_benefit` int(1) not null default 0,
`variable_based_on_taxable_salary` int(1) not null default 0,
`do_not_include_in_total` int(1) not null default 0,
`deduct_full_tax_on_selected_payroll_date` int(1) not null default 0,
`condition` longtext,
`amount_based_on_formula` int(1) not null default 0,
`formula` longtext,
`default_amount` decimal(21,9) not null default 0,
`additional_amount` decimal(21,9) not null default 0,
`tax_on_flexible_benefit` decimal(21,9) not null default 0,
`tax_on_additional_salary` decimal(21,9) not null default 0,
index `salary_component`(`salary_component`),
index `exempted_from_income_tax`(`exempted_from_income_tax`),
index `is_tax_applicable`(`is_tax_applicable`),
index `variable_based_on_taxable_salary`(`variable_based_on_taxable_salary`),
parent varchar(140),
parentfield varchar(140),
parenttype varchar(140),
index parent(parent))
			ENGINE=InnoDB
			ROW_FORMAT=DYNAMIC
			CHARACTER SET=utf8mb4
			COLLATE=utf8mb4_unicode_ci
2024-05-13 05:50:44,408 WARNING database DDL Query made to DB:
create table `tabEmployee Other Income` (
			name varchar(140) primary key,
			creation datetime(6),
			modified datetime(6),
			modified_by varchar(140),
			owner varchar(140),
			docstatus int(1) not null default '0',
			idx int(8) not null default '0',
			`employee` varchar(140),
`employee_name` varchar(140),
`amended_from` varchar(140),
`company` varchar(140),
`payroll_period` varchar(140),
`source` varchar(140),
`amount` decimal(21,9) not null default 0,
`_user_tags` text,
`_comments` text,
`_assign` text,
`_liked_by` text,
index `employee`(`employee`),
index `company`(`company`),
index `payroll_period`(`payroll_period`),
index modified(modified))
			ENGINE=InnoDB
			ROW_FORMAT=DYNAMIC
			CHARACTER SET=utf8mb4
			COLLATE=utf8mb4_unicode_ci
2024-05-13 05:50:44,494 WARNING database DDL Query made to DB:
create table `tabAdditional Salary` (
			name varchar(140) primary key,
			creation datetime(6),
			modified datetime(6),
			modified_by varchar(140),
			owner varchar(140),
			docstatus int(1) not null default '0',
			idx int(8) not null default '0',
			`naming_series` varchar(140),
`employee` varchar(140),
`employee_name` varchar(140),
`department` varchar(140),
`company` varchar(140),
`is_recurring` int(1) not null default 0,
`disabled` int(1) not null default 0,
`from_date` date,
`to_date` date,
`payroll_date` date,
`amended_from` varchar(140),
`salary_component` varchar(140),
`type` varchar(140),
`currency` varchar(140),
`amount` decimal(21,9) not null default 0,
`deduct_full_tax_on_selected_payroll_date` int(1) not null default 0,
`overwrite_salary_structure_amount` int(1) not null default 1,
`ref_doctype` varchar(140),
`ref_docname` varchar(140),
`_user_tags` text,
`_comments` text,
`_assign` text,
`_liked_by` text,
index `employee`(`employee`),
index `payroll_date`(`payroll_date`),
index `salary_component`(`salary_component`),
index modified(modified))
			ENGINE=InnoDB
			ROW_FORMAT=DYNAMIC
			CHARACTER SET=utf8mb4
			COLLATE=utf8mb4_unicode_ci
2024-05-13 05:50:44,563 WARNING database DDL Query made to DB:
create table `tabEmployee Benefit Claim` (
			name varchar(140) primary key,
			creation datetime(6),
			modified datetime(6),
			modified_by varchar(140),
			owner varchar(140),
			docstatus int(1) not null default '0',
			idx int(8) not null default '0',
			`employee` varchar(140),
`employee_name` varchar(140),
`department` varchar(140),
`claim_date` date,
`currency` varchar(140),
`company` varchar(140),
`amended_from` varchar(140),
`earning_component` varchar(140),
`max_amount_eligible` decimal(21,9) not null default 0,
`pay_against_benefit_claim` int(1) not null default 0,
`claimed_amount` decimal(21,9) not null default 0,
`salary_slip` varchar(140),
`attachments` text,
`_user_tags` text,
`_comments` text,
`_assign` text,
`_liked_by` text,
index modified(modified))
			ENGINE=InnoDB
			ROW_FORMAT=DYNAMIC
			CHARACTER SET=utf8mb4
			COLLATE=utf8mb4_unicode_ci
2024-05-13 05:50:44,635 WARNING database DDL Query made to DB:
create table `tabSalary Slip Loan` (
			name varchar(140) primary key,
			creation datetime(6),
			modified datetime(6),
			modified_by varchar(140),
			owner varchar(140),
			docstatus int(1) not null default '0',
			idx int(8) not null default '0',
			`loan` varchar(140),
`loan_product` varchar(140),
`loan_account` varchar(140),
`interest_income_account` varchar(140),
`principal_amount` decimal(21,9) not null default 0,
`interest_amount` decimal(21,9) not null default 0,
`total_payment` decimal(21,9) not null default 0,
`loan_repayment_entry` varchar(140),
parent varchar(140),
parentfield varchar(140),
parenttype varchar(140),
index parent(parent))
			ENGINE=InnoDB
			ROW_FORMAT=DYNAMIC
			CHARACTER SET=utf8mb4
			COLLATE=utf8mb4_unicode_ci
2024-05-13 05:50:44,692 WARNING database DDL Query made to DB:
create table `tabSalary Slip Timesheet` (
			name varchar(140) primary key,
			creation datetime(6),
			modified datetime(6),
			modified_by varchar(140),
			owner varchar(140),
			docstatus int(1) not null default '0',
			idx int(8) not null default '0',
			`time_sheet` varchar(140),
`working_hours` decimal(21,9) not null default 0,
parent varchar(140),
parentfield varchar(140),
parenttype varchar(140),
index parent(parent))
			ENGINE=InnoDB
			ROW_FORMAT=DYNAMIC
			CHARACTER SET=utf8mb4
			COLLATE=utf8mb4_unicode_ci
2024-05-13 05:50:44,751 WARNING database DDL Query made to DB:
create table `tabEmployee Tax Exemption Proof Submission Detail` (
			name varchar(140) primary key,
			creation datetime(6),
			modified datetime(6),
			modified_by varchar(140),
			owner varchar(140),
			docstatus int(1) not null default '0',
			idx int(8) not null default '0',
			`exemption_sub_category` varchar(140),
`exemption_category` varchar(140),
`max_amount` decimal(21,9) not null default 0,
`type_of_proof` varchar(140),
`amount` decimal(21,9) not null default 0,
parent varchar(140),
parentfield varchar(140),
parenttype varchar(140),
index parent(parent))
			ENGINE=InnoDB
			ROW_FORMAT=DYNAMIC
			CHARACTER SET=utf8mb4
			COLLATE=utf8mb4_unicode_ci
2024-05-13 05:50:44,812 WARNING database DDL Query made to DB:
create table `tabPayroll Period Date` (
			name varchar(140) primary key,
			creation datetime(6),
			modified datetime(6),
			modified_by varchar(140),
			owner varchar(140),
			docstatus int(1) not null default '0',
			idx int(8) not null default '0',
			`start_date` date,
`end_date` date,
parent varchar(140),
parentfield varchar(140),
parenttype varchar(140),
index parent(parent))
			ENGINE=InnoDB
			ROW_FORMAT=DYNAMIC
			CHARACTER SET=utf8mb4
			COLLATE=utf8mb4_unicode_ci
2024-05-13 05:50:44,865 WARNING database DDL Query made to DB:
create table `tabGratuity Applicable Component` (
			name varchar(140) primary key,
			creation datetime(6),
			modified datetime(6),
			modified_by varchar(140),
			owner varchar(140),
			docstatus int(1) not null default '0',
			idx int(8) not null default '0',
			`salary_component` varchar(140),
parent varchar(140),
parentfield varchar(140),
parenttype varchar(140),
index parent(parent))
			ENGINE=InnoDB
			ROW_FORMAT=DYNAMIC
			CHARACTER SET=utf8mb4
			COLLATE=utf8mb4_unicode_ci
2024-05-13 05:50:44,919 WARNING database DDL Query made to DB:
create table `tabEmployee Cost Center` (
			name varchar(140) primary key,
			creation datetime(6),
			modified datetime(6),
			modified_by varchar(140),
			owner varchar(140),
			docstatus int(1) not null default '0',
			idx int(8) not null default '0',
			`cost_center` varchar(140),
`percentage` int(11) not null default 0,
parent varchar(140),
parentfield varchar(140),
parenttype varchar(140),
index parent(parent))
			ENGINE=InnoDB
			ROW_FORMAT=DYNAMIC
			CHARACTER SET=utf8mb4
			COLLATE=utf8mb4_unicode_ci
2024-05-13 05:50:45,005 WARNING database DDL Query made to DB:
create table `tabEmployee Tax Exemption Declaration Category` (
			name varchar(140) primary key,
			creation datetime(6),
			modified datetime(6),
			modified_by varchar(140),
			owner varchar(140),
			docstatus int(1) not null default '0',
			idx int(8) not null default '0',
			`exemption_sub_category` varchar(140),
`exemption_category` varchar(140),
`max_amount` decimal(21,9) not null default 0,
`amount` decimal(21,9) not null default 0,
parent varchar(140),
parentfield varchar(140),
parenttype varchar(140),
index parent(parent))
			ENGINE=InnoDB
			ROW_FORMAT=DYNAMIC
			CHARACTER SET=utf8mb4
			COLLATE=utf8mb4_unicode_ci
2024-05-13 05:50:46,223 WARNING database DDL Query made to DB:
ALTER TABLE `tabTimesheet` ADD COLUMN `salary_slip` varchar(140)
2024-05-13 05:50:46,231 WARNING database DDL Query made to DB:
ALTER TABLE `tabTimesheet` MODIFY `total_costing_amount` decimal(21,9) not null default 0, MODIFY `base_total_billed_amount` decimal(21,9) not null default 0, MODIFY `base_total_billable_amount` decimal(21,9) not null default 0, MODIFY `total_billed_hours` decimal(21,9) not null default 0, MODIFY `total_billed_amount` decimal(21,9) not null default 0, MODIFY `per_billed` decimal(21,9) not null default 0, MODIFY `total_billable_hours` decimal(21,9) not null default 0, MODIFY `base_total_costing_amount` decimal(21,9) not null default 0
2024-05-13 05:50:46,299 WARNING database DDL Query made to DB:
ALTER TABLE `tabEmployee` ADD COLUMN `employment_type` varchar(140), ADD COLUMN `grade` varchar(140), ADD COLUMN `job_applicant` varchar(140), ADD COLUMN `default_shift` varchar(140), ADD COLUMN `expense_approver` varchar(140), ADD COLUMN `leave_approver` varchar(140), ADD COLUMN `shift_request_approver` varchar(140), ADD COLUMN `payroll_cost_center` varchar(140), ADD COLUMN `health_insurance_provider` varchar(140), ADD COLUMN `health_insurance_no` varchar(140)
2024-05-13 05:50:46,308 WARNING database DDL Query made to DB:
ALTER TABLE `tabEmployee` MODIFY `ctc` decimal(21,9) not null default 0
2024-05-13 05:50:46,341 WARNING database DDL Query made to DB:
ALTER TABLE `tabDepartment` ADD COLUMN `payroll_cost_center` varchar(140), ADD COLUMN `leave_block_list` varchar(140)
2024-05-13 05:50:46,370 WARNING database DDL Query made to DB:
ALTER TABLE `tabDesignation` ADD COLUMN `appraisal_template` varchar(140)
2024-05-13 05:50:46,402 WARNING database DDL Query made to DB:
ALTER TABLE `tabTask` ADD COLUMN `total_expense_claim` decimal(21,9) not null default 0
2024-05-13 05:50:46,412 WARNING database DDL Query made to DB:
ALTER TABLE `tabTask` MODIFY `progress` decimal(21,9) not null default 0, MODIFY `task_weight` decimal(21,9) not null default 0, MODIFY `actual_time` decimal(21,9) not null default 0, MODIFY `total_costing_amount` decimal(21,9) not null default 0, MODIFY `total_billing_amount` decimal(21,9) not null default 0
2024-05-13 05:50:46,455 WARNING database DDL Query made to DB:
ALTER TABLE `tabCompany` ADD COLUMN `default_expense_claim_payable_account` varchar(140), ADD COLUMN `default_employee_advance_account` varchar(140), ADD COLUMN `default_payroll_payable_account` varchar(140)
2024-05-13 05:50:46,465 WARNING database DDL Query made to DB:
ALTER TABLE `tabCompany` MODIFY `monthly_sales_target` decimal(21,9) not null default 0, MODIFY `credit_limit` decimal(21,9) not null default 0, MODIFY `total_monthly_sales` decimal(21,9) not null default 0
2024-05-13 05:50:46,499 WARNING database DDL Query made to DB:
ALTER TABLE `tabProject` ADD COLUMN `total_expense_claim` decimal(21,9) not null default 0
2024-05-13 05:50:46,508 WARNING database DDL Query made to DB:
ALTER TABLE `tabProject` MODIFY `total_costing_amount` decimal(21,9) not null default 0, MODIFY `estimated_costing` decimal(21,9) not null default 0, MODIFY `total_purchase_cost` decimal(21,9) not null default 0, MODIFY `percent_complete` decimal(21,9) not null default 0, MODIFY `gross_margin` decimal(21,9) not null default 0, MODIFY `per_gross_margin` decimal(21,9) not null default 0, MODIFY `total_billable_amount` decimal(21,9) not null default 0, MODIFY `actual_time` decimal(21,9) not null default 0, MODIFY `total_billed_amount` decimal(21,9) not null default 0, MODIFY `total_consumed_material_cost` decimal(21,9) not null default 0, MODIFY `total_sales_amount` decimal(21,9) not null default 0
2024-05-13 05:50:46,540 WARNING database DDL Query made to DB:
ALTER TABLE `tabTerms and Conditions` ADD COLUMN `hr` int(1) not null default 1
2024-05-13 05:54:08,247 WARNING database DDL Query made to DB:
ALTER TABLE `tabCompany` ADD COLUMN `basic_component` varchar(140), ADD COLUMN `hra_component` varchar(140), ADD COLUMN `arrear_component` varchar(140)
2024-05-13 05:54:08,258 WARNING database DDL Query made to DB:
ALTER TABLE `tabCompany` MODIFY `credit_limit` decimal(21,9) not null default 0, MODIFY `total_monthly_sales` decimal(21,9) not null default 0, MODIFY `monthly_sales_target` decimal(21,9) not null default 0
2024-05-13 05:54:08,298 WARNING database DDL Query made to DB:
ALTER TABLE `tabSalary Component` ADD COLUMN `component_type` varchar(140)
2024-05-13 05:54:08,307 WARNING database DDL Query made to DB:
ALTER TABLE `tabSalary Component` MODIFY `amount` decimal(21,9) not null default 0, MODIFY `max_benefit_amount` decimal(21,9) not null default 0
2024-05-13 05:54:08,372 WARNING database DDL Query made to DB:
ALTER TABLE `tabEmployee` ADD COLUMN `pan_number` varchar(140), ADD COLUMN `provident_fund_account` varchar(140), ADD COLUMN `ifsc_code` varchar(140), ADD COLUMN `micr_code` varchar(140)
2024-05-13 05:54:08,383 WARNING database DDL Query made to DB:
ALTER TABLE `tabEmployee` MODIFY `ctc` decimal(21,9) not null default 0
2024-05-13 05:54:08,444 WARNING database DDL Query made to DB:
ALTER TABLE `tabEmployee Tax Exemption Declaration` ADD COLUMN `monthly_house_rent` decimal(21,9) not null default 0, ADD COLUMN `rented_in_metro_city` int(1) not null default 0, ADD COLUMN `salary_structure_hra` decimal(21,9) not null default 0, ADD COLUMN `annual_hra_exemption` decimal(21,9) not null default 0, ADD COLUMN `monthly_hra_exemption` decimal(21,9) not null default 0
2024-05-13 05:54:08,460 WARNING database DDL Query made to DB:
ALTER TABLE `tabEmployee Tax Exemption Declaration` MODIFY `total_exemption_amount` decimal(21,9) not null default 0, MODIFY `total_declared_amount` decimal(21,9) not null default 0
2024-05-13 05:54:08,507 WARNING database DDL Query made to DB:
ALTER TABLE `tabEmployee Tax Exemption Proof Submission` ADD COLUMN `house_rent_payment_amount` decimal(21,9) not null default 0, ADD COLUMN `rented_in_metro_city` int(1) not null default 0, ADD COLUMN `rented_from_date` date, ADD COLUMN `rented_to_date` date, ADD COLUMN `monthly_house_rent` decimal(21,9) not null default 0, ADD COLUMN `monthly_hra_exemption` decimal(21,9) not null default 0, ADD COLUMN `total_eligible_hra_exemption` decimal(21,9) not null default 0
2024-05-13 05:54:08,516 WARNING database DDL Query made to DB:
ALTER TABLE `tabEmployee Tax Exemption Proof Submission` MODIFY `total_actual_amount` decimal(21,9) not null default 0, MODIFY `exemption_amount` decimal(21,9) not null default 0
2024-05-13 05:54:19,761 WARNING database DDL Query made to DB:
ALTER TABLE `tabSalary Component` MODIFY `amount` decimal(21,9) not null default 0, MODIFY `max_benefit_amount` decimal(21,9) not null default 0
2024-05-13 05:54:19,803 WARNING database DDL Query made to DB:
ALTER TABLE `tabCompany` MODIFY `monthly_sales_target` decimal(21,9) not null default 0, MODIFY `credit_limit` decimal(21,9) not null default 0, MODIFY `total_monthly_sales` decimal(21,9) not null default 0
2024-05-13 05:54:19,847 WARNING database DDL Query made to DB:
ALTER TABLE `tabEmployee` MODIFY `ctc` decimal(21,9) not null default 0
2024-05-13 05:54:19,883 WARNING database DDL Query made to DB:
ALTER TABLE `tabEmployee Tax Exemption Declaration` MODIFY `total_declared_amount` decimal(21,9) not null default 0, MODIFY `total_exemption_amount` decimal(21,9) not null default 0, MODIFY `monthly_hra_exemption` decimal(21,9) not null default 0, MODIFY `annual_hra_exemption` decimal(21,9) not null default 0, MODIFY `salary_structure_hra` decimal(21,9) not null default 0, MODIFY `monthly_house_rent` decimal(21,9) not null default 0
2024-05-13 05:54:19,921 WARNING database DDL Query made to DB:
ALTER TABLE `tabEmployee Tax Exemption Proof Submission` MODIFY `exemption_amount` decimal(21,9) not null default 0, MODIFY `total_actual_amount` decimal(21,9) not null default 0, MODIFY `monthly_hra_exemption` decimal(21,9) not null default 0, MODIFY `house_rent_payment_amount` decimal(21,9) not null default 0, MODIFY `monthly_house_rent` decimal(21,9) not null default 0, MODIFY `total_eligible_hra_exemption` decimal(21,9) not null default 0
